<?xml version="1.0" encoding="UTF-8"?>
<testng-results ignored="0" total="5" passed="5" failed="0" skipped="0">
  <reporter-output>
  </reporter-output>
  <suite started-at="2023-07-29T17:23:30 IST" name="Default suite" finished-at="2023-07-29T17:23:53 IST" duration-ms="23236">
    <groups>
    </groups>
    <test started-at="2023-07-29T17:23:30 IST" name="Default test" finished-at="2023-07-29T17:23:53 IST" duration-ms="23236">
      <class name="testNGExecution.ActiTimeDataProvider">
        <test-method signature="invalidloginmethod(java.lang.String,java.lang.String)[pri:0, instance:testNGExecution.ActiTimeDataProvider@4c60d6e9]" started-at="2023-07-29T17:23:30 IST" name="invalidloginmethod" data-provider="actitimedata" finished-at="2023-07-29T17:23:36 IST" duration-ms="6059" status="PASS">
          <params>
            <param index="0">
              <value>
                <![CDATA[ad_min]]>
              </value>
            </param>
            <param index="1">
              <value>
                <![CDATA[man_ager]]>
              </value>
            </param>
          </params>
          <reporter-output>
          </reporter-output>
        </test-method> <!-- invalidloginmethod -->
        <test-method signature="invalidloginmethod(java.lang.String,java.lang.String)[pri:0, instance:testNGExecution.ActiTimeDataProvider@4c60d6e9]" started-at="2023-07-29T17:23:36 IST" name="invalidloginmethod" data-provider="actitimedata" finished-at="2023-07-29T17:23:40 IST" duration-ms="4032" status="PASS">
          <params>
            <param index="0">
              <value>
                <![CDATA[admin1234]]>
              </value>
            </param>
            <param index="1">
              <value>
                <![CDATA[managerb]]>
              </value>
            </param>
          </params>
          <reporter-output>
          </reporter-output>
        </test-method> <!-- invalidloginmethod -->
        <test-method signature="invalidloginmethod(java.lang.String,java.lang.String)[pri:0, instance:testNGExecution.ActiTimeDataProvider@4c60d6e9]" started-at="2023-07-29T17:23:40 IST" name="invalidloginmethod" data-provider="actitimedata" finished-at="2023-07-29T17:23:44 IST" duration-ms="4181" status="PASS">
          <params>
            <param index="0">
              <value>
                <![CDATA[@admin]]>
              </value>
            </param>
            <param index="1">
              <value>
                <![CDATA[@manager]]>
              </value>
            </param>
          </params>
          <reporter-output>
          </reporter-output>
        </test-method> <!-- invalidloginmethod -->
        <test-method signature="invalidloginmethod(java.lang.String,java.lang.String)[pri:0, instance:testNGExecution.ActiTimeDataProvider@4c60d6e9]" started-at="2023-07-29T17:23:44 IST" name="invalidloginmethod" data-provider="actitimedata" finished-at="2023-07-29T17:23:48 IST" duration-ms="3917" status="PASS">
          <params>
            <param index="0">
              <value>
                <![CDATA[admin123]]>
              </value>
            </param>
            <param index="1">
              <value>
                <![CDATA[manager123]]>
              </value>
            </param>
          </params>
          <reporter-output>
          </reporter-output>
        </test-method> <!-- invalidloginmethod -->
        <test-method signature="invalidloginmethod(java.lang.String,java.lang.String)[pri:0, instance:testNGExecution.ActiTimeDataProvider@4c60d6e9]" started-at="2023-07-29T17:23:48 IST" name="invalidloginmethod" data-provider="actitimedata" finished-at="2023-07-29T17:23:53 IST" duration-ms="4607" status="PASS">
          <params>
            <param index="0">
              <value>
                <![CDATA[123admin]]>
              </value>
            </param>
            <param index="1">
              <value>
                <![CDATA[123manager]]>
              </value>
            </param>
          </params>
          <reporter-output>
          </reporter-output>
        </test-method> <!-- invalidloginmethod -->
      </class> <!-- testNGExecution.ActiTimeDataProvider -->
    </test> <!-- Default test -->
  </suite> <!-- Default suite -->
</testng-results>
