<?xml version="1.0" encoding="UTF-8"?>
<!-- Generated by org.testng.reporters.JUnitXMLReporter -->
<testsuite ignored="0" hostname="DESKTOP-30FQTRI" failures="0" tests="5" name="Default test" time="23.236" errors="0" timestamp="2023-07-29T17:23:53 IST">
  <testcase classname="testNGExecution.ActiTimeDataProvider" name="invalidloginmethod" time="6.059"/>
  <testcase classname="testNGExecution.ActiTimeDataProvider" name="invalidloginmethod" time="4.032"/>
  <testcase classname="testNGExecution.ActiTimeDataProvider" name="invalidloginmethod" time="4.181"/>
  <testcase classname="testNGExecution.ActiTimeDataProvider" name="invalidloginmethod" time="3.917"/>
  <testcase classname="testNGExecution.ActiTimeDataProvider" name="invalidloginmethod" time="4.607"/>
</testsuite> <!-- Default test -->
